QUESTION:
What is the repeat rule for MARI 895?

ANSWER:
The repeat rule for MARI 895 is: Repeat Rule: May be repeated up to 1 time.

CONTEXT:
[1] Dietetics: Intro to Dietetics Principle and Practice: Repeat Rule: May be
repeated up to 1 time.

[2] Master's Project: Repeat Rule: May be repeated up to 1 time.

[3] Experimental Physics: Repeat Rule: May be repeated up to 1 time.

[4] Independent Study: Repeat Rule: May be repeated up to 1 time.

[5] Advanced Seminar in Social Psychology: Repeat Rule: May be repeated up to
unlimited times.

================================================================================

QUESTION:
Does HRM 820 have any prerequisites?

ANSWER:
HRM 820 has a minimum grade of B-.

CONTEXT:
[1] Employment Law and Ethics: Prerequisite(s): HRM 805 with a minimum grade of B-.

[2] Talent Management and Development: Prerequisite(s): HRM 805 with a minimum grade
of B-.

[3] HR Technology and People Analytics: Prerequisite(s): HRM 805 with a minimum
grade of B-.

[4] Recruitment and Selection: Prerequisite(s): HRM 805 with a minimum grade of B-.

[5] Strategic Rewards and Performance Management: Prerequisite(s): HRM 805 with a
minimum grade of B-.

================================================================================

QUESTION:
What is the equivalent of PPOL 812?

ANSWER:
The equivalent of PPOL 812 is the same as POL 997.

CONTEXT:
[1] Strategies for Policy Impact: Equivalent(s): PPOL 912

[2] Advanced Special Topics: Equivalent(s): PPOL 997

[3] Fundamentals of Policy Analysis: Equivalent(s): PPOL 906

[4] Project Chartering and Planning: Equivalent(s): PM 811G

[5] Negotiation, Contracting, and Procurement: Equivalent(s): PM 815G

================================================================================

QUESTION:
Can I repeat PPOL 897?

ANSWER:
PPOL 897 is a program that can be used to study the effects of climate change on
the environment.

CONTEXT:
[1] Strategies for Policy Impact: Equivalent(s): PPOL 912

[2] Fundamentals of Policy Analysis: Equivalent(s): PPOL 906

[3] Advanced Special Topics: Equivalent(s): PPOL 997

[4] Graduate Co-op Experience: Repeat Rule: May be repeated for a maximum of 9
credits. May be repeated up to 2 times.

[5] Advanced Underwater Acoustics: Repeat Rule: May be repeated for a maximum of 9
credits. May be repeated up to 2 times.

================================================================================

QUESTION:
How many credits is MARI 801?

ANSWER:
Credits: 4.

CONTEXT:
[1] Paper of Publishable Quality (PPQ): Credits: 4 or 8

[2] Master's Thesis: Credits: 4 or 8

[3] Special Topics in Social Work and Social Welfare: Credits: 2 or 3

[4] Ethics in Research and Scholarship: Credits: 2 or 3

[5] Internship and Seminar in Early Childhood Education: Credits: 3 or 4

================================================================================

QUESTION:
What is the grade mode for PHYS 899?

ANSWER:
The grade mode for PHYS 899 is letter grading.

CONTEXT:
[1] Grades: Letter grades: The following grades are used at the University: A (4.0),
A-­ (3.67), B+ (3.33), B (3.0), B­- (2.67), C+ (2.33), C (2.0), C-­ (1.67), D+
(1.33), D (1.0), D-­ (.67), F (0). Graduate credit is only granted for courses
completed with a grade of B-­ or higher. Individual programs may have stricter
requirements, and those are published with their degree program requirements.

[2] Health Assessment and Clinical Nursing: Grade Mode: Letter Grading

[3] Macroeconomic Consulting: Grade Mode: Letter Grading

[4] Strategy Analysis: Games and Auctions: Grade Mode: Letter Grading

[5] Analytical Economics in Practice: Grade Mode: Letter Grading

================================================================================

QUESTION:
What is the grade mode for PHYS 895?

ANSWER:
The grade mode for PHYS 895 is Letter Grading.

CONTEXT:
[1] Grades: Letter grades: The following grades are used at the University: A (4.0),
A-­ (3.67), B+ (3.33), B (3.0), B­- (2.67), C+ (2.33), C (2.0), C-­ (1.67), D+
(1.33), D (1.0), D-­ (.67), F (0). Graduate credit is only granted for courses
completed with a grade of B-­ or higher. Individual programs may have stricter
requirements, and those are published with their degree program requirements.

[2] Teaching Elementary School Science: Grade Mode: Letter Grading

[3] Teaching Elementary Social Studies: Grade Mode: Letter Grading

[4] Literacy Assessment for Elementary Classroom Teachers: Grade Mode: Letter
Grading

[5] Supporting Readers in Elementary Classrooms: Grade Mode: Letter Grading

================================================================================

QUESTION:
How many credits is GEN 806?

ANSWER:
GEN 806 is the number of credits that are required for Advanced Research in
Exercise Science.

CONTEXT:
[1] Advanced Research in Exercise Science: Credits: 3 or 6

[2] Internship and Seminar in Special Education: Credits: 3 or 6

[3] Internship and Seminar in Special Education: Credits: 3 or 6

[4] Population Genetics Lab: Co-requisite: GEN 805

[5] Internship and Seminar in Teaching: Credits: 2-6

================================================================================

QUESTION:
How many credits is GEN 825?

ANSWER:
GEN 825 is the number of credits in the Master's Thesis: Credits: 4 or 8 Paper
of Publishable Quality (PPQ).

CONTEXT:
[1] Master's Thesis: Credits: 4 or 8

[2] Paper of Publishable Quality (PPQ): Credits: 4 or 8

[3] Population Genetics Lab: Co-requisite: GEN 805

[4] Special Topics: Credits: 1-8

[5] Master of Fine Arts in Writing Thesis: Credits: 1-8

================================================================================

QUESTION:
Does the Genetics program offer both M.S. and Ph.D. degrees?

ANSWER:
The Biological Sciences Graduate Program offers M.S. and Ph.D. degrees in
Genetics, with options in Integrative and Organismal Biology and Marine Biology.

CONTEXT:
[1] Graduate Courses: The faculty of each graduate program prescribes the courses
that make up the degree program. In addition, the Graduate School has general
requirements for master's and doctoral degree programs.

[2] Degrees Offered: Ph.D., M.S.: The Biological Sciences Graduate Program offers
M.S. and Ph.D. degrees in Biological Sciences, with options in Integrative and
Organismal Biology and Marine Biology.

[3] Degrees Offered: Ph.D., M.S.: The Department of Molecular, Cellular, and
Biomedical Sciences offers a Doctor of Philosophy (Ph.D.) degree, a Master of
Science (M.S.), providing outstanding and diverse research opportunities in
genetics and genomics. Graduate students (Ph.D. and M.S.) in genetics are
typically supported by teaching or research assistantships, as well as by
competitive internal and external fellowship programs. For more information
about the program, including admission and degree requirements, please contact
the Department of Molecular, Cellular, and Biomedical Sciences at
mcbs.dept@unh.edu .

[4] Neuroscience and Behavior (M.S.): The M.S. Neuroscience and Behavior degree is
only available as an accelerated B.S./M.S. program.

[5] Credits: Each program specifies the number of courses required for the degree.

================================================================================

QUESTION:
What courses are offered for Life Sciences and Agriculture (LSA)?

ANSWER:
The Department of Agriculture, Nutrition, and Food Systems offers advanced
degrees in Agricultural Sciences at the Masters and Doctoral levels.

CONTEXT:
[1] Program Learning Outcomes: Students graduating with a Ph.D. in Agricultural
Sciences will meet objectives in the following areas:

[2] Degrees offered: Master of Science (M.S.) and Doctor of Philosophy (Ph.D.): The
Department of Agriculture, Nutrition, and Food Systems offers advanced degrees
in Agricultural Sciences at the Masters and Doctoral levels.

[3] Degrees offered: Master of Science (M.S.) and Doctor of Philosophy (Ph.D.): With
a M.S. or Ph.D. in Agricultural Sciences, students may pursue careers in plant
and animal agriculture, food production and distribution systems, teaching,
public service, positions in federal, state, nonprofit, private organizations,
and/or related fields.

[4] Zoology (ZOOL): Read more about the courses within this subject prefix in the
descriptions provided below.

[5] Genetics (GEN): Read more about the courses within this subject prefix in the
descriptions provided below.

================================================================================

QUESTION:
How many credits is Mathematical Economics?

ANSWER:
Mathematical Economics (M.S.): The academic track provides a full year of
doctoral-level economic theory, econometric analysis, and research seminar.

CONTEXT:
[1] Economics (M.S.): https://paulcollege.unh.edu/economics/program/ms/economics

[2] Economics (M.S.): The academic track provides a full year of doctoral-level
economic theory, econometric analysis, and research seminar. It is designed for
students whose goal is to become a research economist and possibly a Ph.D.
economist.

[3] Economics (ECON): https://paulcollege.unh.edu/economics

[4] Economics (Ph.D.): https://paulcollege.unh.edu/economics/program/phd/economics

[5] Elementary School Mathematics Methods: Mutual Exclusion: No credit for students
who have taken MATH 803 .

================================================================================

QUESTION:
Does Analytical Economics in Practice have any co-requisites?

ANSWER:
Economics for Public Policy is a course that provides an overview of how
economics can be used to analyze and design public policy. Basic analytical
skills used in economic modeling, and supplication to specify policy areas and
problems. They will also be able to understand how market mechanisms work, when
free markets perform well and when government intervention may improve outcomes.

CONTEXT:
[1] Economic Problems (Special Topics): Special topics in economics. Pre- and co-
requisite courses may vary. Please consult time and room schedule for the
specific

[2] Economic Problems (Special Topics): Special topics in economics. Pre- and co-
requisite courses may vary. Please consult time and room schedule for the
specific

[3] Analytical Economics in Practice: The course gives students an opportunity to
use their economics, analytics, and data analysis skills in a business or
consulting setting. To this end, students undertake an internship and/or
corporate project.

[4] Analytical Economics in Practice: The course gives students an opportunity to
use their economics, analytics, and data analysis skills in a business or
consulting setting. To this end, students undertake an internship and/or
corporate project.

[5] Economics for Public Policy: Provides an overview of how economics can be used
to analyze and design public policy. Basic analytical skills used in economic
modeling, and supplication to specify policy areas and problems. At the end of
the course, students will be able to use basic economic models to analyze policy
problems. They will also be able to understand how market mechanisms work, when
free markets perform well and when government intervention may improve outcomes.

================================================================================

QUESTION:
What are the prerequisites for Environmental Valuation?

ANSWER:
Environmental Economics: Environmental pollution, the market economy, and
optimal resource allocation; alternative control procedures; levels of
environmental protection and public policy; property right issues.

CONTEXT:
[1] Environmental Valuation: Focuses on the theory and methods for estimating the
economic values of environmental resources and public goods (such as clean air
and water, preservation of wetlands or coastal resources, etc.) many of which
are not exchanged in established markets and therefore do not have prices
associated with them. The valuation of environmental resources is an important
component in benefit-cost analyses which are used in policy making. Provides a
blend of theory and hands-on applications of methods and real data sets.

[2] Environmental Valuation: Focuses on the theory and methods for estimating the
economic values of environmental resources and public goods (such as clean air
and water, preservation of wetlands or coastal resources, etc.) many of which
are not exchanged in established markets and therefore do not have prices
associated with them. The valuation of environmental resources is an important
component in benefit-cost analyses which are used in policy making. Provides a
blend of theory and hands-on applications of methods and real data sets.

[3] Environmental Economics: Environmental pollution, the market economy, and
optimal resource allocation; alternative control procedures; levels of
environmental protection and public policy; property right issues.

[4] Environmental Economics: Environmental pollution, the market economy, and
optimal resource allocation; alternative control procedures; levels of
environmental protection and public policy; property right issues.

[5] Admission Requirements: Students interested in environmental economics should
have a background in both economics and the environment. Four or more
undergraduate courses in economics or environmental economics, including
intermediate microeconomics and intermediate macroeconomics, are required as
well as calculus and statistics.

================================================================================

QUESTION:
Does ZOOL 810 have a special fee?

ANSWER:
ZOOL 810 has a special fee.

CONTEXT:
[1] Introduction to AT Design and Fabrication: Special Fee: Yes

[2] Geochemistry: Special Fee: Yes

[3] Isotope Geochemistry: Special Fee: Yes

[4] Advanced Curriculum, Assessment and Instruction for Intellectual and
Developmental Disabilities: Special Fee: Yes

[5] Reading and Writing Disabilities: Assessment and Instruction: Special Fee: Yes

================================================================================

QUESTION:
What is the repeat rule for EDC 844?

ANSWER:
The repeat rule for EDC 844 is: Repeat Rule: May be repeated up to 4 times.

CONTEXT:
[1] Topics: Repeat Rule: May be repeated up to 4 times.

[2] Master's Project: Repeat Rule: May be repeated up to 1 time.

[3] Independent Study: Repeat Rule: May be repeated up to 1 time.

[4] Dietetics: Intro to Dietetics Principle and Practice: Repeat Rule: May be
repeated up to 1 time.

[5] Experimental Physics: Repeat Rule: May be repeated up to 1 time.

================================================================================

QUESTION:
What is MUSI 831?

ANSWER:
Instrumental Literature and its Performance: Equivalent(s): MUED 983 Terrestrial
Ecosystems, EOS 830 Ocean Waves and Tides.

CONTEXT:
[1] Instrumental Literature and its Performance: Equivalent(s): MUED 983

[2] Terrestrial Ecosystems: Equivalent(s): EOS 830

[3] Ocean Waves and Tides: Equivalent(s): EOS 854

[4] Feminist Theory: Equivalent(s): WS 832

[5] Introduction to Sustainable Engineering: Equivalent(s): CIE 851

================================================================================

QUESTION:
What is ANSC 810?

ANSWER:
ANSC 810 is a nutrient-based biochemistry.

CONTEXT:
[1] Critical Issues in Nutrition: Equivalent(s): ANSC 880

[2] Nutritional Biochemistry: Equivalent(s): ANSC 850

[3] Clinical Nutrition: Equivalent(s): ANSC 873

[4] Practical Applications in Medical Nutrition Therapy: Equivalent(s): ANSC 875

[5] Human Genetics: Equivalent(s): ANSC 806

================================================================================

QUESTION:
What is ACFI 820?

ANSWER:
Prerequisite(s): ACFI 801 with a minimum grade of B- and ACFI 802 with a minimum
grade of B- and ACFI 870 (may be taken concurrently) with a minimum grade of B-.

CONTEXT:
[1] Governmental Accounting: Equivalent(s): ACFI 895

[2] Ethics and Non-Profit Accounting: Equivalent(s): ACFI 897

[3] Equity Analysis and Firm Valuation: Equivalent(s): ACFI 807

[4] Financial Theory: Prerequisite(s): ACFI 801 with a minimum grade of B- and ACFI
802 with a minimum grade of B- and ACFI 870 (may be taken concurrently) with a
minimum grade of B-.

[5] Cases in Finance: Prerequisite(s): ACFI 801 (may be taken concurrently) with a
minimum grade of B- and ACFI 802 (may be taken concurrently) with a minimum
grade of B-.

================================================================================

QUESTION:
Tell me about CEE 806

ANSWER:
Advanced Asphalt Materials: Equivalent(s): CEE 923 Advanced Pavement Design and
Analysis, EOS 807 Environmental Modeling, and CIE 856 Structural Design in
Masonry.

CONTEXT:
[1] Advanced Asphalt Materials: Equivalent(s): CEE 923

[2] Advanced Pavement Design and Analysis: Equivalent(s): CEE 921

[3] Environmental Modeling: Equivalent(s): EOS 807

[4] Environmental Engineering Microbiology: Equivalent(s): CIE 856

[5] Structural Design in Masonry: Equivalent(s): CIE 876

================================================================================

QUESTION:
What's JUST 802 about?

ANSWER:
Prerequisite(s): DS 802 with a minimum grade of B-.

CONTEXT:
[1] Endocrinology: Equivalent(s): ANSC 802

[2] Fund Development and Grantwriting: Equivalent(s): PA 802 , SW 957

[3] Advocacy and Health Policy: Equivalent(s): HLTC 802G

[4] Fundamentals of Statistical Analysis: Prerequisite(s): DS 802 with a minimum
grade of B-.

[5] Translating and Integrating Research into Nursing Practice: Equivalent(s): NUR
802G

================================================================================

QUESTION:
What's the culminating project for the Justice Studies program?

ANSWER:
Students will work on a class research project as well as their own individual
projects.

CONTEXT:
[1] Justice Studies (JUST): http://cola.unh.edu/justice-studies/graduate-programs

[2] Justice Studies (M.A.): https://cola.unh.edu/justice-studies/program/ma/justice-
studies

[3] Admission Requirements: There is also an accelerated masters of arts (AM) option
in Justice Studies. Students may start the AM program in the fall or spring of
their senior year. Please contact the department for further details.

[4] Masters Thesis: Justice Studies Department Faculty

[5] Applied Research Methods: This is the second course in the Justice Studies
graduate program sequence on research methods and it focuses on how to conduct
applied research in the Justice Studies field including how to use quantitative
methods in more applied settings and specific research tools frequently used in
applied settings (e.g. qualitative methods and program evaluation). Students
will work on a class research project as well as their own individual projects.

================================================================================

QUESTION:
What's the repeat rule for JUST 899?

ANSWER:
The repeat rule for JUST 899 is the same as that for a total of 99 credits.

CONTEXT:
[1] Graduate Cello: Repeat Rule: May be repeated for a maximum of 99 credits.

[2] Topics in Operator Theory: Repeat Rule: May be repeated for a maximum of 99
credits.

[3] Topics in Mathematics Education II: Repeat Rule: May be repeated for a maximum
of 99 credits.

[4] Topics in Mathematics Education I: Repeat Rule: May be repeated for a maximum of
99 credits.

[5] Topics in Algebraic Topology I: Repeat Rule: May be repeated for a maximum of 99
credits.

================================================================================

